2019-11-03 00:58:29,537 INFO Starting Nacos v1.1.3 on 866a20ba0172 with PID 21 (/home/nacos/target/nacos-server.jar started by root in /home/nacos)

2019-11-03 00:58:29,545 INFO The following profiles are active: standalone

2019-11-03 00:58:32,714 INFO Bean 'org.springframework.security.config.annotation.configuration.ObjectPostProcessorConfiguration' of type [org.springframework.security.config.annotation.configuration.ObjectPostProcessorConfiguration$$EnhancerBySpringCGLIB$$2e2ecc17] is not eligible for getting processed by all BeanPostProcessors (for example: not eligible for auto-proxying)

2019-11-03 00:58:32,871 INFO Bean 'objectPostProcessor' of type [org.springframework.security.config.annotation.configuration.AutowireBeanFactoryObjectPostProcessor] is not eligible for getting processed by all BeanPostProcessors (for example: not eligible for auto-proxying)

2019-11-03 00:58:32,877 INFO Bean 'org.springframework.security.access.expression.method.DefaultMethodSecurityExpressionHandler@54422e18' of type [org.springframework.security.access.expression.method.DefaultMethodSecurityExpressionHandler] is not eligible for getting processed by all BeanPostProcessors (for example: not eligible for auto-proxying)

2019-11-03 00:58:32,883 INFO Bean 'org.springframework.security.config.annotation.method.configuration.GlobalMethodSecurityConfiguration' of type [org.springframework.security.config.annotation.method.configuration.GlobalMethodSecurityConfiguration$$EnhancerBySpringCGLIB$$53036ec9] is not eligible for getting processed by all BeanPostProcessors (for example: not eligible for auto-proxying)

2019-11-03 00:58:32,891 INFO Bean 'methodSecurityMetadataSource' of type [org.springframework.security.access.method.DelegatingMethodSecurityMetadataSource] is not eligible for getting processed by all BeanPostProcessors (for example: not eligible for auto-proxying)

2019-11-03 00:58:33,612 INFO Tomcat initialized with port(s): 8848 (http)

2019-11-03 00:58:33,666 INFO Starting service [Tomcat]

2019-11-03 00:58:33,667 INFO Starting Servlet Engine: Apache Tomcat/9.0.13

2019-11-03 00:58:33,684 INFO The APR based Apache Tomcat Native library which allows optimal performance in production environments was not found on the java.library.path: [/usr/java/packages/lib/amd64:/usr/lib64:/lib64:/lib:/usr/lib]

2019-11-03 00:58:33,807 INFO Initializing Spring embedded WebApplicationContext

2019-11-03 00:58:33,811 INFO Root WebApplicationContext: initialization completed in 4141 ms

2019-11-03 00:58:38,395 INFO Use Mysql as the driver

2019-11-03 00:58:39,022 INFO Initializing ExecutorService 'applicationTaskExecutor'

2019-11-03 00:58:39,703 INFO Adding welcome page: class path resource [static/index.html]

2019-11-03 00:58:40,371 INFO Creating filter chain: Ant [pattern='/'], []

2019-11-03 00:58:40,374 INFO Creating filter chain: Ant [pattern='/**/*.css'], []

2019-11-03 00:58:40,379 INFO Creating filter chain: Ant [pattern='/**/*.js'], []

2019-11-03 00:58:40,381 INFO Creating filter chain: Ant [pattern='/**/*.html'], []

2019-11-03 00:58:40,383 INFO Creating filter chain: Ant [pattern='/**/*.map'], []

2019-11-03 00:58:40,384 INFO Creating filter chain: Ant [pattern='/**/*.svg'], []

2019-11-03 00:58:40,385 INFO Creating filter chain: Ant [pattern='/**/*.png'], []

2019-11-03 00:58:40,386 INFO Creating filter chain: Ant [pattern='/**/*.ico'], []

2019-11-03 00:58:40,387 INFO Creating filter chain: Ant [pattern='/console-fe/public/**'], []

2019-11-03 00:58:40,388 INFO Creating filter chain: Ant [pattern='/v1/auth/login'], []

2019-11-03 00:58:40,390 INFO Creating filter chain: Ant [pattern='/v1/console/health/**'], []

2019-11-03 00:58:40,390 INFO Creating filter chain: Ant [pattern='/v1/cs/**'], []

2019-11-03 00:58:40,391 INFO Creating filter chain: Ant [pattern='/v1/ns/**'], []

2019-11-03 00:58:40,393 INFO Creating filter chain: Ant [pattern='/v1/cmdb/**'], []

2019-11-03 00:58:40,394 INFO Creating filter chain: Ant [pattern='/actuator/**'], []

2019-11-03 00:58:40,395 INFO Creating filter chain: Ant [pattern='/v1/console/server/**'], []

2019-11-03 00:58:40,460 INFO Creating filter chain: any request, [org.springframework.security.web.context.request.async.WebAsyncManagerIntegrationFilter@3fc9dfc5, org.springframework.security.web.context.SecurityContextPersistenceFilter@1c55f277, org.springframework.security.web.header.HeaderWriterFilter@1bc715b8, org.springframework.security.web.authentication.logout.LogoutFilter@376a312c, com.alibaba.nacos.console.filter.JwtAuthenticationTokenFilter@40258c2f, org.springframework.security.web.savedrequest.RequestCacheAwareFilter@3e8f7922, org.springframework.security.web.servletapi.SecurityContextHolderAwareRequestFilter@58e6d4b8, org.springframework.security.web.authentication.AnonymousAuthenticationFilter@2cac4385, org.springframework.security.web.session.SessionManagementFilter@2b491fee, org.springframework.security.web.access.ExceptionTranslationFilter@2364305a, org.springframework.security.web.access.intercept.FilterSecurityInterceptor@4275c20c]

2019-11-03 00:58:40,533 INFO Exposing 2 endpoint(s) beneath base path '/actuator'

2019-11-03 00:58:40,593 INFO Initializing ExecutorService 'taskScheduler'

2019-11-03 00:58:40,755 INFO Tomcat started on port(s): 8848 (http) with context path '/nacos'

2019-11-03 00:58:40,765 INFO Started Nacos in 15.479 seconds (JVM running for 16.723)

2019-11-03 00:58:40,766 INFO Nacos Log files: /home/nacos/logs/

2019-11-03 00:58:40,767 INFO Nacos Conf files: /home/nacos/conf/

2019-11-03 00:58:40,768 INFO Nacos Data files: /home/nacos/data/

2019-11-03 00:58:40,768 INFO Nacos started successfully in stand alone mode.

2019-11-03 00:58:43,175 INFO Initializing Spring DispatcherServlet 'dispatcherServlet'

2019-11-03 00:58:43,182 INFO Initializing Servlet 'dispatcherServlet'

2019-11-03 00:58:43,219 INFO Completed initialization in 35 ms

2019-11-03 01:08:37,608 INFO [capacityManagement] start correct usage

2019-11-03 01:08:37,954 WARN clearConfigHistory start

2019-11-03 01:08:39,521 INFO [capacityManagement] end correct usage, cost: 1s

2019-11-03 01:18:38,812 WARN clearConfigHistory start

2019-11-03 01:18:39,165 INFO [capacityManagement] start correct usage

2019-11-03 01:18:39,169 INFO [capacityManagement] end correct usage, cost: 0s

2019-11-03 01:28:38,416 WARN clearConfigHistory start

2019-11-03 01:28:38,755 INFO [capacityManagement] start correct usage

2019-11-03 01:28:38,762 INFO [capacityManagement] end correct usage, cost: 0s

2019-11-03 01:34:53,022 INFO Starting Nacos v1.1.3 on 866a20ba0172 with PID 21 (/home/nacos/target/nacos-server.jar started by root in /home/nacos)

2019-11-03 01:34:53,031 INFO The following profiles are active: standalone

2019-11-03 01:35:00,065 INFO Bean 'org.springframework.security.config.annotation.configuration.ObjectPostProcessorConfiguration' of type [org.springframework.security.config.annotation.configuration.ObjectPostProcessorConfiguration$$EnhancerBySpringCGLIB$$209b3f7a] is not eligible for getting processed by all BeanPostProcessors (for example: not eligible for auto-proxying)

2019-11-03 01:35:00,223 INFO Bean 'objectPostProcessor' of type [org.springframework.security.config.annotation.configuration.AutowireBeanFactoryObjectPostProcessor] is not eligible for getting processed by all BeanPostProcessors (for example: not eligible for auto-proxying)

2019-11-03 01:35:00,229 INFO Bean 'org.springframework.security.access.expression.method.DefaultMethodSecurityExpressionHandler@6e9175d8' of type [org.springframework.security.access.expression.method.DefaultMethodSecurityExpressionHandler] is not eligible for getting processed by all BeanPostProcessors (for example: not eligible for auto-proxying)

2019-11-03 01:35:00,239 INFO Bean 'org.springframework.security.config.annotation.method.configuration.GlobalMethodSecurityConfiguration' of type [org.springframework.security.config.annotation.method.configuration.GlobalMethodSecurityConfiguration$$EnhancerBySpringCGLIB$$456fe22c] is not eligible for getting processed by all BeanPostProcessors (for example: not eligible for auto-proxying)

2019-11-03 01:35:00,249 INFO Bean 'methodSecurityMetadataSource' of type [org.springframework.security.access.method.DelegatingMethodSecurityMetadataSource] is not eligible for getting processed by all BeanPostProcessors (for example: not eligible for auto-proxying)

2019-11-03 01:35:01,240 INFO Tomcat initialized with port(s): 8848 (http)

2019-11-03 01:35:01,282 INFO Starting service [Tomcat]

2019-11-03 01:35:01,282 INFO Starting Servlet Engine: Apache Tomcat/9.0.13

2019-11-03 01:35:01,300 INFO The APR based Apache Tomcat Native library which allows optimal performance in production environments was not found on the java.library.path: [/usr/java/packages/lib/amd64:/usr/lib64:/lib64:/lib:/usr/lib]

2019-11-03 01:35:01,440 INFO Initializing Spring embedded WebApplicationContext

2019-11-03 01:35:01,441 INFO Root WebApplicationContext: initialization completed in 8244 ms

2019-11-03 01:35:05,972 INFO Use Mysql as the driver

2019-11-03 01:35:06,599 INFO Initializing ExecutorService 'applicationTaskExecutor'

2019-11-03 01:35:07,128 INFO Adding welcome page: class path resource [static/index.html]

2019-11-03 01:35:07,814 INFO Creating filter chain: Ant [pattern='/'], []

2019-11-03 01:35:07,818 INFO Creating filter chain: Ant [pattern='/**/*.css'], []

2019-11-03 01:35:07,823 INFO Creating filter chain: Ant [pattern='/**/*.js'], []

2019-11-03 01:35:07,825 INFO Creating filter chain: Ant [pattern='/**/*.html'], []

2019-11-03 01:35:07,827 INFO Creating filter chain: Ant [pattern='/**/*.map'], []

2019-11-03 01:35:07,828 INFO Creating filter chain: Ant [pattern='/**/*.svg'], []

2019-11-03 01:35:07,830 INFO Creating filter chain: Ant [pattern='/**/*.png'], []

2019-11-03 01:35:07,831 INFO Creating filter chain: Ant [pattern='/**/*.ico'], []

2019-11-03 01:35:07,833 INFO Creating filter chain: Ant [pattern='/console-fe/public/**'], []

2019-11-03 01:35:07,834 INFO Creating filter chain: Ant [pattern='/v1/auth/login'], []

2019-11-03 01:35:07,836 INFO Creating filter chain: Ant [pattern='/v1/console/health/**'], []

2019-11-03 01:35:07,838 INFO Creating filter chain: Ant [pattern='/v1/cs/**'], []

2019-11-03 01:35:07,839 INFO Creating filter chain: Ant [pattern='/v1/ns/**'], []

2019-11-03 01:35:07,841 INFO Creating filter chain: Ant [pattern='/v1/cmdb/**'], []

2019-11-03 01:35:07,842 INFO Creating filter chain: Ant [pattern='/actuator/**'], []

2019-11-03 01:35:07,843 INFO Creating filter chain: Ant [pattern='/v1/console/server/**'], []

2019-11-03 01:35:07,901 INFO Creating filter chain: any request, [org.springframework.security.web.context.request.async.WebAsyncManagerIntegrationFilter@5a85c92, org.springframework.security.web.context.SecurityContextPersistenceFilter@bf1ec20, org.springframework.security.web.header.HeaderWriterFilter@6c25e6c4, org.springframework.security.web.authentication.logout.LogoutFilter@b7838a9, com.alibaba.nacos.console.filter.JwtAuthenticationTokenFilter@32811494, org.springframework.security.web.savedrequest.RequestCacheAwareFilter@b70da4c, org.springframework.security.web.servletapi.SecurityContextHolderAwareRequestFilter@435fb7b5, org.springframework.security.web.authentication.AnonymousAuthenticationFilter@4795ded0, org.springframework.security.web.session.SessionManagementFilter@c5ee75e, org.springframework.security.web.access.ExceptionTranslationFilter@6e6d5d29, org.springframework.security.web.access.intercept.FilterSecurityInterceptor@32c8e539]

2019-11-03 01:35:07,982 INFO Exposing 2 endpoint(s) beneath base path '/actuator'

2019-11-03 01:35:08,057 INFO Initializing ExecutorService 'taskScheduler'

2019-11-03 01:35:08,289 INFO Tomcat started on port(s): 8848 (http) with context path '/nacos'

2019-11-03 01:35:08,300 INFO Started Nacos in 19.265 seconds (JVM running for 20.261)

2019-11-03 01:35:08,301 INFO Nacos Log files: /home/nacos/logs/

2019-11-03 01:35:08,303 INFO Nacos Conf files: /home/nacos/conf/

2019-11-03 01:35:08,306 INFO Nacos Data files: /home/nacos/data/

2019-11-03 01:35:08,307 INFO Nacos started successfully in stand alone mode.

2019-11-03 01:35:08,712 INFO Initializing Spring DispatcherServlet 'dispatcherServlet'

2019-11-03 01:35:08,714 INFO Initializing Servlet 'dispatcherServlet'

2019-11-03 01:35:08,819 INFO Completed initialization in 104 ms

2019-11-03 01:35:39,024 ERROR Responding with unauthorized error. Message - Full authentication is required to access this resource

2019-11-03 01:45:04,984 INFO [capacityManagement] start correct usage

2019-11-03 01:45:05,035 INFO [capacityManagement] end correct usage, cost: 0s

2019-11-03 01:45:05,551 WARN clearConfigHistory start

2019-11-03 01:55:04,621 INFO [capacityManagement] start correct usage

2019-11-03 01:55:04,626 INFO [capacityManagement] end correct usage, cost: 0s

2019-11-03 01:55:05,197 WARN clearConfigHistory start

2019-11-03 02:12:22,466 INFO [capacityManagement] start correct usage

2019-11-03 02:12:22,671 WARN clearConfigHistory start

2019-11-03 02:12:23,073 INFO [capacityManagement] end correct usage, cost: 0s

2019-11-03 05:48:09,628 INFO [capacityManagement] start correct usage

2019-11-03 05:48:09,639 INFO [capacityManagement] end correct usage, cost: 0s

2019-11-03 05:48:09,715 WARN clearConfigHistory start

2019-11-03 12:12:31,330 INFO [capacityManagement] start correct usage

2019-11-03 12:12:31,348 INFO [capacityManagement] end correct usage, cost: 0s

2019-11-03 12:12:31,409 WARN clearConfigHistory start

2019-11-03 12:22:30,673 INFO [capacityManagement] start correct usage

2019-11-03 12:22:30,682 INFO [capacityManagement] end correct usage, cost: 0s

2019-11-03 12:22:30,748 WARN clearConfigHistory start

2019-11-03 12:32:30,009 INFO [capacityManagement] start correct usage

2019-11-03 12:32:30,017 INFO [capacityManagement] end correct usage, cost: 0s

2019-11-03 12:32:30,075 WARN clearConfigHistory start

2019-11-03 12:42:29,344 INFO [capacityManagement] start correct usage

2019-11-03 12:42:29,363 INFO [capacityManagement] end correct usage, cost: 0s

2019-11-03 12:42:29,408 WARN clearConfigHistory start

2019-11-03 12:52:28,697 INFO [capacityManagement] start correct usage

2019-11-03 12:52:28,745 INFO [capacityManagement] end correct usage, cost: 0s

2019-11-03 12:52:28,750 WARN clearConfigHistory start

2019-11-03 13:02:28,081 INFO [capacityManagement] start correct usage

2019-11-03 13:02:28,102 INFO [capacityManagement] end correct usage, cost: 0s

2019-11-03 13:02:28,105 WARN clearConfigHistory start

2019-11-03 13:12:27,428 INFO [capacityManagement] start correct usage

2019-11-03 13:12:27,468 WARN clearConfigHistory start

2019-11-03 13:12:27,475 INFO [capacityManagement] end correct usage, cost: 0s

2019-11-03 13:22:26,809 INFO [capacityManagement] start correct usage

2019-11-03 13:22:26,837 INFO [capacityManagement] end correct usage, cost: 0s

2019-11-03 13:22:26,998 WARN clearConfigHistory start

2019-11-03 13:32:26,163 INFO [capacityManagement] start correct usage

2019-11-03 13:32:26,174 INFO [capacityManagement] end correct usage, cost: 0s

2019-11-03 13:32:26,338 WARN clearConfigHistory start

2019-11-03 13:42:25,500 INFO [capacityManagement] start correct usage

2019-11-03 13:42:25,509 INFO [capacityManagement] end correct usage, cost: 0s

2019-11-03 13:42:25,697 WARN clearConfigHistory start

2019-11-03 13:52:24,837 INFO [capacityManagement] start correct usage

2019-11-03 13:52:24,909 INFO [capacityManagement] end correct usage, cost: 0s

2019-11-03 13:52:25,039 WARN clearConfigHistory start

2019-11-03 14:02:24,238 INFO [capacityManagement] start correct usage

2019-11-03 14:02:24,250 INFO [capacityManagement] end correct usage, cost: 0s

2019-11-03 14:02:24,374 WARN clearConfigHistory start

2019-11-03 14:12:23,578 INFO [capacityManagement] start correct usage

2019-11-03 14:12:23,589 INFO [capacityManagement] end correct usage, cost: 0s

2019-11-03 14:12:23,704 WARN clearConfigHistory start

2019-11-03 14:22:22,915 INFO [capacityManagement] start correct usage

2019-11-03 14:22:22,946 INFO [capacityManagement] end correct usage, cost: 0s

2019-11-03 14:22:23,046 WARN clearConfigHistory start

2019-11-03 14:32:22,298 INFO [capacityManagement] start correct usage

2019-11-03 14:32:22,312 INFO [capacityManagement] end correct usage, cost: 0s

2019-11-03 14:32:22,415 WARN clearConfigHistory start

2019-11-03 14:42:21,649 INFO [capacityManagement] start correct usage

2019-11-03 14:42:21,669 INFO [capacityManagement] end correct usage, cost: 0s

2019-11-03 14:42:21,751 WARN clearConfigHistory start

