2019-11-03 00:59:08,403 INFO PERFORMANCE:|0|0|-1|-1

2019-11-03 01:04:08,199 INFO PERFORMANCE:|0|0|-1|-1

2019-11-03 01:09:07,995 INFO PERFORMANCE:|0|0|-1|-1

2019-11-03 01:14:07,821 INFO PERFORMANCE:|0|0|-1|-1

2019-11-03 01:19:07,618 INFO PERFORMANCE:|0|0|-1|-1

2019-11-03 01:24:07,414 INFO PERFORMANCE:|0|0|-1|-1

2019-11-03 01:29:07,210 INFO PERFORMANCE:|0|0|-1|-1

2019-11-03 01:34:07,009 INFO PERFORMANCE:|0|0|-1|-1

2019-11-03 01:35:35,991 INFO PERFORMANCE:|0|0|-1|-1

2019-11-03 01:40:35,789 INFO PERFORMANCE:|0|0|-1|-1

2019-11-03 01:45:35,584 INFO PERFORMANCE:|0|0|-1|-1

2019-11-03 01:50:35,380 INFO PERFORMANCE:|0|0|-1|-1

2019-11-03 01:55:35,176 INFO PERFORMANCE:|0|0|-1|-1

2019-11-03 02:12:22,516 INFO PERFORMANCE:|0|0|-1|-1

2019-11-03 04:44:03,089 INFO PERFORMANCE:|0|0|-1|-1

2019-11-03 05:48:09,306 INFO PERFORMANCE:|0|0|-1|-1

2019-11-03 12:07:31,338 INFO PERFORMANCE:|0|0|-1|-1

2019-11-03 12:12:31,005 INFO PERFORMANCE:|0|0|-1|-1

2019-11-03 12:17:30,675 INFO PERFORMANCE:|0|0|-1|-1

2019-11-03 12:22:30,366 INFO PERFORMANCE:|1|0|-1|-1

2019-11-03 12:27:30,033 INFO PERFORMANCE:|1|0|-1|-1

2019-11-03 12:32:29,699 INFO PERFORMANCE:|1|0|-1|-1

2019-11-03 12:37:29,365 INFO PERFORMANCE:|1|0|-1|-1

2019-11-03 12:42:29,033 INFO PERFORMANCE:|1|0|-1|-1

2019-11-03 12:47:28,699 INFO PERFORMANCE:|1|0|-1|-1

2019-11-03 12:52:28,371 INFO PERFORMANCE:|1|1|-1|-1

2019-11-03 12:57:28,038 INFO PERFORMANCE:|1|1|-1|-1

2019-11-03 13:02:27,704 INFO PERFORMANCE:|2|1|-1|-1

2019-11-03 13:07:27,370 INFO PERFORMANCE:|2|1|-1|-1

2019-11-03 13:12:27,034 INFO PERFORMANCE:|2|1|-1|-1

2019-11-03 13:17:26,706 INFO PERFORMANCE:|2|1|-1|-1

2019-11-03 13:22:26,384 INFO PERFORMANCE:|2|1|-1|-1

2019-11-03 13:27:26,056 INFO PERFORMANCE:|2|1|-1|-1

2019-11-03 13:32:25,743 INFO PERFORMANCE:|2|1|-1|-1

2019-11-03 13:37:25,411 INFO PERFORMANCE:|2|1|-1|-1

2019-11-03 13:42:25,079 INFO PERFORMANCE:|2|0|-1|-1

2019-11-03 13:47:24,745 INFO PERFORMANCE:|2|1|-1|-1

2019-11-03 13:52:24,411 INFO PERFORMANCE:|2|2|-1|-1

2019-11-03 13:57:24,092 INFO PERFORMANCE:|2|0|-1|-1

2019-11-03 14:02:23,759 INFO PERFORMANCE:|2|0|-1|-1

2019-11-03 14:07:23,425 INFO PERFORMANCE:|2|1|-1|-1

2019-11-03 14:12:23,096 INFO PERFORMANCE:|2|0|-1|-1

2019-11-03 14:17:22,767 INFO PERFORMANCE:|2|0|-1|-1

2019-11-03 14:22:22,435 INFO PERFORMANCE:|2|0|-1|-1

2019-11-03 14:27:22,102 INFO PERFORMANCE:|3|3|-1|-1

2019-11-03 14:32:21,790 INFO PERFORMANCE:|3|3|-1|-1

2019-11-03 14:37:21,469 INFO PERFORMANCE:|4|4|-1|-1

2019-11-03 14:42:21,148 INFO PERFORMANCE:|5|0|-1|-1

2019-11-03 14:47:20,814 INFO PERFORMANCE:|5|0|-1|-1

